mode: set
github.com/polymerdao/monomer/adapters.go:20.109,21.22 1 1
github.com/polymerdao/monomer/adapters.go:21.22,23.3 1 1
github.com/polymerdao/monomer/adapters.go:26.2,27.33 2 1
github.com/polymerdao/monomer/adapters.go:27.33,29.53 2 1
github.com/polymerdao/monomer/adapters.go:29.53,31.4 1 1
github.com/polymerdao/monomer/adapters.go:32.3,32.23 1 1
github.com/polymerdao/monomer/adapters.go:32.23,34.4 1 1
github.com/polymerdao/monomer/adapters.go:34.9,35.9 1 1
github.com/polymerdao/monomer/adapters.go:38.2,38.24 1 1
github.com/polymerdao/monomer/adapters.go:38.24,40.3 1 1
github.com/polymerdao/monomer/adapters.go:43.2,44.51 2 1
github.com/polymerdao/monomer/adapters.go:44.51,46.3 1 1
github.com/polymerdao/monomer/adapters.go:47.2,51.16 2 1
github.com/polymerdao/monomer/adapters.go:51.16,53.3 1 0
github.com/polymerdao/monomer/adapters.go:54.2,60.19 2 1
github.com/polymerdao/monomer/adapters.go:60.19,61.44 1 1
github.com/polymerdao/monomer/adapters.go:61.44,63.4 1 1
github.com/polymerdao/monomer/adapters.go:66.2,67.16 2 1
github.com/polymerdao/monomer/adapters.go:67.16,69.3 1 0
github.com/polymerdao/monomer/adapters.go:72.2,73.50 2 1
github.com/polymerdao/monomer/adapters.go:73.50,75.54 2 1
github.com/polymerdao/monomer/adapters.go:75.54,77.4 1 0
github.com/polymerdao/monomer/adapters.go:78.3,78.43 1 1
github.com/polymerdao/monomer/adapters.go:81.2,81.23 1 1
github.com/polymerdao/monomer/adapters.go:84.84,85.26 1 1
github.com/polymerdao/monomer/adapters.go:85.26,87.3 1 1
github.com/polymerdao/monomer/adapters.go:88.2,95.64 5 1
github.com/polymerdao/monomer/adapters.go:95.64,97.3 1 1
github.com/polymerdao/monomer/adapters.go:98.2,99.32 2 1
github.com/polymerdao/monomer/adapters.go:99.32,101.3 1 1
github.com/polymerdao/monomer/adapters.go:102.2,103.58 2 1
github.com/polymerdao/monomer/adapters.go:103.58,105.3 1 1
github.com/polymerdao/monomer/adapters.go:106.2,107.27 2 1
github.com/polymerdao/monomer/adapters.go:107.27,109.3 1 0
github.com/polymerdao/monomer/adapters.go:110.2,110.38 1 1
github.com/polymerdao/monomer/adapters.go:110.38,112.53 2 1
github.com/polymerdao/monomer/adapters.go:112.53,114.4 1 0
github.com/polymerdao/monomer/adapters.go:115.3,115.24 1 1
github.com/polymerdao/monomer/adapters.go:115.24,117.4 1 1
github.com/polymerdao/monomer/adapters.go:118.3,118.25 1 1
github.com/polymerdao/monomer/adapters.go:122.2,122.39 1 1
github.com/polymerdao/monomer/adapters.go:122.39,124.3 1 1
github.com/polymerdao/monomer/adapters.go:126.2,126.17 1 1
github.com/polymerdao/monomer/adapters.go:129.81,134.2 1 1
github.com/polymerdao/monomer/monomer.go:39.35,41.2 1 0
github.com/polymerdao/monomer/monomer.go:43.41,45.2 1 0
github.com/polymerdao/monomer/monomer.go:47.34,49.2 1 0
github.com/polymerdao/monomer/monomer.go:61.45,68.2 1 0
github.com/polymerdao/monomer/monomer.go:76.51,77.28 1 1
github.com/polymerdao/monomer/monomer.go:77.28,78.32 1 0
github.com/polymerdao/monomer/monomer.go:80.2,83.3 1 1
github.com/polymerdao/monomer/monomer.go:88.46,90.16 2 1
github.com/polymerdao/monomer/monomer.go:90.16,92.3 1 0
github.com/polymerdao/monomer/monomer.go:93.2,94.19 2 1
github.com/polymerdao/monomer/monomer.go:98.61,100.2 1 1
github.com/polymerdao/monomer/monomer.go:104.43,118.2 1 1
github.com/polymerdao/monomer/monomer.go:120.50,121.14 1 1
github.com/polymerdao/monomer/monomer.go:121.14,123.3 1 0
github.com/polymerdao/monomer/monomer.go:125.2,126.16 2 1
github.com/polymerdao/monomer/monomer.go:126.16,128.3 1 0
github.com/polymerdao/monomer/monomer.go:129.2,138.8 1 1
github.com/polymerdao/monomer/monomer.go:141.52,148.2 1 0
github.com/polymerdao/monomer/monomer.go:167.52,168.17 1 0
github.com/polymerdao/monomer/monomer.go:168.17,170.3 1 0
github.com/polymerdao/monomer/monomer.go:171.2,178.41 7 0
github.com/polymerdao/monomer/monomer.go:178.41,181.38 3 0
github.com/polymerdao/monomer/monomer.go:181.38,183.4 1 0
github.com/polymerdao/monomer/monomer.go:186.2,189.13 4 0
github.com/polymerdao/monomer/monomer.go:192.41,194.41 1 0
github.com/polymerdao/monomer/monomer.go:194.41,195.42 1 0
github.com/polymerdao/monomer/monomer.go:199.46,201.64 1 0
github.com/polymerdao/monomer/monomer.go:201.64,202.52 1 0
github.com/polymerdao/monomer/monomer.go:207.115,215.2 1 0
